0 info it worked if it ends with ok
1 verbose cli [ '/home/sairam/work/java/node/node-v6.10.0-linux-x64/bin/node',
1 verbose cli   '/home/sairam/work/java/node/node-v6.10.0-linux-x64/bin/npm',
1 verbose cli   'start' ]
2 info using npm@3.10.10
3 info using node@v6.10.0
4 verbose run-script [ 'prestart', 'start', 'poststart' ]
5 info lifecycle reactjs@1.0.0~prestart: reactjs@1.0.0
6 silly lifecycle reactjs@1.0.0~prestart: no script for prestart, continuing
7 info lifecycle reactjs@1.0.0~start: reactjs@1.0.0
8 verbose lifecycle reactjs@1.0.0~start: unsafe-perm in lifecycle true
9 verbose lifecycle reactjs@1.0.0~start: PATH: /home/sairam/work/java/node/node-v6.10.0-linux-x64/lib/node_modules/npm/bin/node-gyp-bin:/home/sairam/work/workspace/ReactJS/node_modules/.bin:/home/sairam/bin:/home/sairam/.local/bin:/usr/local/sbin:/usr/local/bin:/usr/sbin:/usr/bin:/sbin:/bin:/usr/games:/usr/local/games:/snap/bin:/usr/lib/jvm/java-8-oracle/bin:/usr/lib/jvm/java-8-oracle/db/bin:/usr/lib/jvm/java-8-oracle/jre/bin:/home/sairam/work/java/jdk1.8.0_101/bin:/home/sairam/work/db/mongodb-linux-x86_64-ubuntu1604-3.2.9/bin:/home/sairam/work/java/jboss-as-7.1.0.Final/bin:/home/sairam/work/java/node/node-v6.10.0-linux-x64/bin
10 verbose lifecycle reactjs@1.0.0~start: CWD: /home/sairam/work/workspace/ReactJS
11 silly lifecycle reactjs@1.0.0~start: Args: [ '-c', 'npm run build' ]
12 silly lifecycle reactjs@1.0.0~start: Returned: code: 1  signal: null
13 info lifecycle reactjs@1.0.0~start: Failed to exec start script
14 verbose stack Error: reactjs@1.0.0 start: `npm run build`
14 verbose stack Exit status 1
14 verbose stack     at EventEmitter.<anonymous> (/home/sairam/work/java/node/node-v6.10.0-linux-x64/lib/node_modules/npm/lib/utils/lifecycle.js:255:16)
14 verbose stack     at emitTwo (events.js:106:13)
14 verbose stack     at EventEmitter.emit (events.js:191:7)
14 verbose stack     at ChildProcess.<anonymous> (/home/sairam/work/java/node/node-v6.10.0-linux-x64/lib/node_modules/npm/lib/utils/spawn.js:40:14)
14 verbose stack     at emitTwo (events.js:106:13)
14 verbose stack     at ChildProcess.emit (events.js:191:7)
14 verbose stack     at maybeClose (internal/child_process.js:877:16)
14 verbose stack     at Process.ChildProcess._handle.onexit (internal/child_process.js:226:5)
15 verbose pkgid reactjs@1.0.0
16 verbose cwd /home/sairam/work/workspace/ReactJS
17 error Linux 4.4.0-72-generic
18 error argv "/home/sairam/work/java/node/node-v6.10.0-linux-x64/bin/node" "/home/sairam/work/java/node/node-v6.10.0-linux-x64/bin/npm" "start"
19 error node v6.10.0
20 error npm  v3.10.10
21 error code ELIFECYCLE
22 error reactjs@1.0.0 start: `npm run build`
22 error Exit status 1
23 error Failed at the reactjs@1.0.0 start script 'npm run build'.
23 error Make sure you have the latest version of node.js and npm installed.
23 error If you do, this is most likely a problem with the reactjs package,
23 error not with npm itself.
23 error Tell the author that this fails on your system:
23 error     npm run build
23 error You can get information on how to open an issue for this project with:
23 error     npm bugs reactjs
23 error Or if that isn't available, you can get their info via:
23 error     npm owner ls reactjs
23 error There is likely additional logging output above.
24 verbose exit [ 1, true ]
